<?xml version="1.0" encoding="UTF-8"?>
<!-- Generated by org.testng.reporters.JUnitReportReporter -->
<testsuite hostname="IN-PG0352AV" failures="0" tests="1" name="tests.SearchTest" time="12.546" errors="0" timestamp="2024-05-07T18:04:30 IST" skipped="0">
  <testcase classname="tests.SearchTest" name="Searchfeature" time="12.546"/>
</testsuite> <!-- tests.SearchTest -->
