<?xml version="1.0" encoding="UTF-8"?>
<!-- Generated by org.testng.reporters.JUnitReportReporter -->
<testsuite hostname="IN-PG0352AV" failures="0" tests="1" name="tests.LanguageTest" time="11.752" errors="0" timestamp="2024-05-07T18:04:30 IST" skipped="0">
  <testcase classname="tests.LanguageTest" name="Languagetest" time="11.752"/>
</testsuite> <!-- tests.LanguageTest -->
